save_Base.py[LINE:163]# INFO     [2015-11-20 11:55:34,121]  This proccess pid 11220
save_Base.py[LINE:122]# INFO     [2015-11-20 11:55:34,124]  Start Agreegate
save_Base.py[LINE:123]# INFO     [2015-11-20 11:55:34,124]  Agregate param: Partner=False; Club and Cash=True; Terminals=True;
save_Base.py[LINE:131]# INFO     [2015-11-20 11:55:35,868]  Clubs and Cashs
rubParse.py[LINE:99]# INFO     [2015-11-20 11:55:43,697]  https://partner190.com/backend.php/club?page=1
rubParse.py[LINE:99]# INFO     [2015-11-20 11:55:50,683]  https://partner190.com/backend.php/club?page=2
rubParse.py[LINE:99]# INFO     [2015-11-20 11:55:57,763]  https://partner190.com/backend.php/club?page=3
rubParse.py[LINE:99]# INFO     [2015-11-20 11:56:05,131]  https://partner190.com/backend.php/club?page=4
rubParse.py[LINE:99]# INFO     [2015-11-20 11:56:12,134]  https://partner190.com/backend.php/club?page=5
rubParse.py[LINE:99]# INFO     [2015-11-20 11:56:19,161]  https://partner190.com/backend.php/club?page=6
rubParse.py[LINE:99]# INFO     [2015-11-20 11:56:26,194]  https://partner190.com/backend.php/club?page=7
rubParse.py[LINE:99]# INFO     [2015-11-20 11:56:33,226]  https://partner190.com/backend.php/club?page=8
rubParse.py[LINE:99]# INFO     [2015-11-20 11:56:40,204]  https://partner190.com/backend.php/club?page=9
rubParse.py[LINE:99]# INFO     [2015-11-20 11:56:47,193]  https://partner190.com/backend.php/club?page=10
rubParse.py[LINE:99]# INFO     [2015-11-20 11:56:54,141]  https://partner190.com/backend.php/club?page=11
rubParse.py[LINE:99]# INFO     [2015-11-20 11:57:01,176]  https://partner190.com/backend.php/club?page=12
rubParse.py[LINE:99]# INFO     [2015-11-20 11:57:08,448]  https://partner190.com/backend.php/club?page=13
rubParse.py[LINE:99]# INFO     [2015-11-20 11:57:15,417]  https://partner190.com/backend.php/club?page=14
rubParse.py[LINE:99]# INFO     [2015-11-20 11:57:22,226]  https://partner190.com/backend.php/club?page=15
rubParse.py[LINE:99]# INFO     [2015-11-20 11:57:29,286]  https://partner190.com/backend.php/club?page=16
rubParse.py[LINE:99]# INFO     [2015-11-20 11:57:36,220]  https://partner190.com/backend.php/club?page=17
rubParse.py[LINE:99]# INFO     [2015-11-20 11:57:43,200]  https://partner190.com/backend.php/club?page=18
rubParse.py[LINE:99]# INFO     [2015-11-20 11:57:50,174]  https://partner190.com/backend.php/club?page=19
rubParse.py[LINE:99]# INFO     [2015-11-20 11:57:57,101]  https://partner190.com/backend.php/club?page=20
rubParse.py[LINE:99]# INFO     [2015-11-20 11:58:04,138]  https://partner190.com/backend.php/club?page=21
rubParse.py[LINE:99]# INFO     [2015-11-20 11:58:10,982]  https://partner190.com/backend.php/club?page=22
rubParse.py[LINE:99]# INFO     [2015-11-20 11:58:19,282]  https://partner190.com/backend.php/club?page=23
rubParse.py[LINE:99]# INFO     [2015-11-20 11:58:26,265]  https://partner190.com/backend.php/club?page=24
rubParse.py[LINE:99]# INFO     [2015-11-20 11:58:33,266]  https://partner190.com/backend.php/club?page=25
rubParse.py[LINE:99]# INFO     [2015-11-20 11:58:40,267]  https://partner190.com/backend.php/club?page=26
rubParse.py[LINE:99]# INFO     [2015-11-20 11:58:47,234]  https://partner190.com/backend.php/club?page=27
rubParse.py[LINE:99]# INFO     [2015-11-20 11:58:54,236]  https://partner190.com/backend.php/club?page=28
rubParse.py[LINE:99]# INFO     [2015-11-20 11:59:01,444]  https://partner190.com/backend.php/club?page=29
rubParse.py[LINE:99]# INFO     [2015-11-20 11:59:08,578]  https://partner190.com/backend.php/club?page=30
rubParse.py[LINE:99]# INFO     [2015-11-20 11:59:15,763]  https://partner190.com/backend.php/club?page=31
rubParse.py[LINE:99]# INFO     [2015-11-20 11:59:22,747]  https://partner190.com/backend.php/club?page=32
rubParse.py[LINE:99]# INFO     [2015-11-20 11:59:29,739]  https://partner190.com/backend.php/club?page=33
rubParse.py[LINE:99]# INFO     [2015-11-20 11:59:36,989]  https://partner190.com/backend.php/club?page=34
rubParse.py[LINE:99]# INFO     [2015-11-20 11:59:44,085]  https://partner190.com/backend.php/club?page=35
rubParse.py[LINE:99]# INFO     [2015-11-20 11:59:51,438]  https://partner190.com/backend.php/club?page=36
rubParse.py[LINE:99]# INFO     [2015-11-20 11:59:58,608]  https://partner190.com/backend.php/club?page=37
rubParse.py[LINE:99]# INFO     [2015-11-20 12:00:05,573]  https://partner190.com/backend.php/club?page=38
rubParse.py[LINE:99]# INFO     [2015-11-20 12:00:12,551]  https://partner190.com/backend.php/club?page=39
rubParse.py[LINE:99]# INFO     [2015-11-20 12:00:20,884]  https://partner190.com/backend.php/club?page=40
rubParse.py[LINE:99]# INFO     [2015-11-20 12:00:28,200]  https://partner190.com/backend.php/club?page=41
rubParse.py[LINE:99]# INFO     [2015-11-20 12:00:35,354]  https://partner190.com/backend.php/club?page=42
rubParse.py[LINE:99]# INFO     [2015-11-20 12:00:42,444]  https://partner190.com/backend.php/club?page=43
rubParse.py[LINE:99]# INFO     [2015-11-20 12:00:49,905]  https://partner190.com/backend.php/club?page=44
rubParse.py[LINE:99]# INFO     [2015-11-20 12:00:57,644]  https://partner190.com/backend.php/club?page=45
rubParse.py[LINE:99]# INFO     [2015-11-20 12:01:04,690]  https://partner190.com/backend.php/club?page=46
rubParse.py[LINE:99]# INFO     [2015-11-20 12:01:11,749]  https://partner190.com/backend.php/club?page=47
rubParse.py[LINE:99]# INFO     [2015-11-20 12:01:19,005]  https://partner190.com/backend.php/club?page=48
rubParse.py[LINE:99]# INFO     [2015-11-20 12:01:29,342]  https://partner190.com/backend.php/club?page=49
rubParse.py[LINE:99]# INFO     [2015-11-20 12:01:36,497]  https://partner190.com/backend.php/club?page=50
rubParse.py[LINE:99]# INFO     [2015-11-20 12:01:43,480]  https://partner190.com/backend.php/club?page=51
rubParse.py[LINE:99]# INFO     [2015-11-20 12:01:50,530]  https://partner190.com/backend.php/club?page=52
rubParse.py[LINE:99]# INFO     [2015-11-20 12:01:57,697]  https://partner190.com/backend.php/club?page=53
rubParse.py[LINE:99]# INFO     [2015-11-20 12:02:02,151]  https://partner190.com/backend.php/club?page=54
rubParse.py[LINE:148]# INFO     [2015-11-20 12:02:09,762]  https://partner190.com/backend.php/cashdesk?page=1
rubParse.py[LINE:148]# INFO     [2015-11-20 12:02:13,881]  https://partner190.com/backend.php/cashdesk?page=2
rubParse.py[LINE:148]# INFO     [2015-11-20 12:02:19,148]  https://partner190.com/backend.php/cashdesk?page=3
rubParse.py[LINE:148]# INFO     [2015-11-20 12:02:25,451]  https://partner190.com/backend.php/cashdesk?page=4
rubParse.py[LINE:148]# INFO     [2015-11-20 12:02:32,010]  https://partner190.com/backend.php/cashdesk?page=5
rubParse.py[LINE:148]# INFO     [2015-11-20 12:02:36,645]  https://partner190.com/backend.php/cashdesk?page=6
rubParse.py[LINE:148]# INFO     [2015-11-20 12:02:41,282]  https://partner190.com/backend.php/cashdesk?page=7
rubParse.py[LINE:148]# INFO     [2015-11-20 12:02:46,927]  https://partner190.com/backend.php/cashdesk?page=8
rubParse.py[LINE:148]# INFO     [2015-11-20 12:02:51,878]  https://partner190.com/backend.php/cashdesk?page=9
rubParse.py[LINE:148]# INFO     [2015-11-20 12:02:56,507]  https://partner190.com/backend.php/cashdesk?page=10
rubParse.py[LINE:148]# INFO     [2015-11-20 12:03:02,375]  https://partner190.com/backend.php/cashdesk?page=11
rubParse.py[LINE:148]# INFO     [2015-11-20 12:03:07,796]  https://partner190.com/backend.php/cashdesk?page=12
rubParse.py[LINE:148]# INFO     [2015-11-20 12:03:13,259]  https://partner190.com/backend.php/cashdesk?page=13
rubParse.py[LINE:148]# INFO     [2015-11-20 12:03:19,249]  https://partner190.com/backend.php/cashdesk?page=14
rubParse.py[LINE:148]# INFO     [2015-11-20 12:03:24,867]  https://partner190.com/backend.php/cashdesk?page=15
rubParse.py[LINE:148]# INFO     [2015-11-20 12:03:30,372]  https://partner190.com/backend.php/cashdesk?page=16
rubParse.py[LINE:148]# INFO     [2015-11-20 12:03:35,900]  https://partner190.com/backend.php/cashdesk?page=17
rubParse.py[LINE:148]# INFO     [2015-11-20 12:03:41,809]  https://partner190.com/backend.php/cashdesk?page=18
rubParse.py[LINE:148]# INFO     [2015-11-20 12:03:47,835]  https://partner190.com/backend.php/cashdesk?page=19
rubParse.py[LINE:148]# INFO     [2015-11-20 12:03:53,878]  https://partner190.com/backend.php/cashdesk?page=20
rubParse.py[LINE:148]# INFO     [2015-11-20 12:04:00,871]  https://partner190.com/backend.php/cashdesk?page=21
rubParse.py[LINE:148]# INFO     [2015-11-20 12:04:09,108]  https://partner190.com/backend.php/cashdesk?page=22
rubParse.py[LINE:148]# INFO     [2015-11-20 12:04:15,220]  https://partner190.com/backend.php/cashdesk?page=23
rubParse.py[LINE:148]# INFO     [2015-11-20 12:04:21,559]  https://partner190.com/backend.php/cashdesk?page=24
rubParse.py[LINE:148]# INFO     [2015-11-20 12:04:27,801]  https://partner190.com/backend.php/cashdesk?page=25
rubParse.py[LINE:148]# INFO     [2015-11-20 12:04:34,092]  https://partner190.com/backend.php/cashdesk?page=26
rubParse.py[LINE:148]# INFO     [2015-11-20 12:04:40,091]  https://partner190.com/backend.php/cashdesk?page=27
rubParse.py[LINE:148]# INFO     [2015-11-20 12:04:46,611]  https://partner190.com/backend.php/cashdesk?page=28
rubParse.py[LINE:148]# INFO     [2015-11-20 12:04:53,392]  https://partner190.com/backend.php/cashdesk?page=29
rubParse.py[LINE:148]# INFO     [2015-11-20 12:04:59,151]  https://partner190.com/backend.php/cashdesk?page=30
save_Base.py[LINE:137]# INFO     [2015-11-20 12:05:26,671]  Terminals
rubParse.py[LINE:203]# INFO     [2015-11-20 12:05:38,522]  https://partner190.com/backend.php/terminal?page=1
rubParse.py[LINE:203]# INFO     [2015-11-20 12:05:50,095]  https://partner190.com/backend.php/terminal?page=2
rubParse.py[LINE:203]# INFO     [2015-11-20 12:06:01,194]  https://partner190.com/backend.php/terminal?page=3
rubParse.py[LINE:203]# INFO     [2015-11-20 12:06:12,107]  https://partner190.com/backend.php/terminal?page=4
rubParse.py[LINE:203]# INFO     [2015-11-20 12:06:23,535]  https://partner190.com/backend.php/terminal?page=5
rubParse.py[LINE:203]# INFO     [2015-11-20 12:06:34,487]  https://partner190.com/backend.php/terminal?page=6
rubParse.py[LINE:203]# INFO     [2015-11-20 12:06:45,831]  https://partner190.com/backend.php/terminal?page=7
rubParse.py[LINE:203]# INFO     [2015-11-20 12:06:56,852]  https://partner190.com/backend.php/terminal?page=8
rubParse.py[LINE:203]# INFO     [2015-11-20 12:07:07,822]  https://partner190.com/backend.php/terminal?page=9
rubParse.py[LINE:203]# INFO     [2015-11-20 12:07:18,789]  https://partner190.com/backend.php/terminal?page=10
rubParse.py[LINE:203]# INFO     [2015-11-20 12:07:29,786]  https://partner190.com/backend.php/terminal?page=11
rubParse.py[LINE:203]# INFO     [2015-11-20 12:07:41,552]  https://partner190.com/backend.php/terminal?page=12
rubParse.py[LINE:203]# INFO     [2015-11-20 12:07:52,885]  https://partner190.com/backend.php/terminal?page=13
rubParse.py[LINE:203]# INFO     [2015-11-20 12:08:04,118]  https://partner190.com/backend.php/terminal?page=14
rubParse.py[LINE:203]# INFO     [2015-11-20 12:08:15,036]  https://partner190.com/backend.php/terminal?page=15
rubParse.py[LINE:203]# INFO     [2015-11-20 12:08:26,444]  https://partner190.com/backend.php/terminal?page=16
rubParse.py[LINE:203]# INFO     [2015-11-20 12:08:38,470]  https://partner190.com/backend.php/terminal?page=17
rubParse.py[LINE:203]# INFO     [2015-11-20 12:08:49,341]  https://partner190.com/backend.php/terminal?page=18
rubParse.py[LINE:203]# INFO     [2015-11-20 12:09:00,917]  https://partner190.com/backend.php/terminal?page=19
rubParse.py[LINE:203]# INFO     [2015-11-20 12:09:11,905]  https://partner190.com/backend.php/terminal?page=20
rubParse.py[LINE:203]# INFO     [2015-11-20 12:09:23,118]  https://partner190.com/backend.php/terminal?page=21
rubParse.py[LINE:203]# INFO     [2015-11-20 12:09:36,364]  https://partner190.com/backend.php/terminal?page=22
rubParse.py[LINE:203]# INFO     [2015-11-20 12:09:47,354]  https://partner190.com/backend.php/terminal?page=23
rubParse.py[LINE:203]# INFO     [2015-11-20 12:09:58,171]  https://partner190.com/backend.php/terminal?page=24
rubParse.py[LINE:203]# INFO     [2015-11-20 12:10:08,907]  https://partner190.com/backend.php/terminal?page=25
rubParse.py[LINE:203]# INFO     [2015-11-20 12:10:19,759]  https://partner190.com/backend.php/terminal?page=26
rubParse.py[LINE:203]# INFO     [2015-11-20 12:10:30,676]  https://partner190.com/backend.php/terminal?page=27
rubParse.py[LINE:203]# INFO     [2015-11-20 12:10:41,405]  https://partner190.com/backend.php/terminal?page=28
rubParse.py[LINE:203]# INFO     [2015-11-20 12:10:52,400]  https://partner190.com/backend.php/terminal?page=29
rubParse.py[LINE:203]# INFO     [2015-11-20 12:11:03,006]  https://partner190.com/backend.php/terminal?page=30
rubParse.py[LINE:203]# INFO     [2015-11-20 12:11:13,648]  https://partner190.com/backend.php/terminal?page=31
rubParse.py[LINE:203]# INFO     [2015-11-20 12:11:24,423]  https://partner190.com/backend.php/terminal?page=32
rubParse.py[LINE:203]# INFO     [2015-11-20 12:11:35,937]  https://partner190.com/backend.php/terminal?page=33
rubParse.py[LINE:203]# INFO     [2015-11-20 12:11:49,993]  https://partner190.com/backend.php/terminal?page=34
rubParse.py[LINE:203]# INFO     [2015-11-20 12:12:00,559]  https://partner190.com/backend.php/terminal?page=35
rubParse.py[LINE:203]# INFO     [2015-11-20 12:12:11,437]  https://partner190.com/backend.php/terminal?page=36
rubParse.py[LINE:203]# INFO     [2015-11-20 12:12:22,401]  https://partner190.com/backend.php/terminal?page=37
rubParse.py[LINE:203]# INFO     [2015-11-20 12:12:33,338]  https://partner190.com/backend.php/terminal?page=38
rubParse.py[LINE:203]# INFO     [2015-11-20 12:12:44,453]  https://partner190.com/backend.php/terminal?page=39
rubParse.py[LINE:203]# INFO     [2015-11-20 12:12:55,588]  https://partner190.com/backend.php/terminal?page=40
rubParse.py[LINE:203]# INFO     [2015-11-20 12:13:06,398]  https://partner190.com/backend.php/terminal?page=41
rubParse.py[LINE:203]# INFO     [2015-11-20 12:13:17,171]  https://partner190.com/backend.php/terminal?page=42
rubParse.py[LINE:203]# INFO     [2015-11-20 12:13:27,984]  https://partner190.com/backend.php/terminal?page=43
rubParse.py[LINE:203]# INFO     [2015-11-20 12:13:38,645]  https://partner190.com/backend.php/terminal?page=44
rubParse.py[LINE:203]# INFO     [2015-11-20 12:13:49,267]  https://partner190.com/backend.php/terminal?page=45
rubParse.py[LINE:203]# INFO     [2015-11-20 12:13:52,954]  https://partner190.com/backend.php/terminal?page=46
save_Base.py[LINE:141]# INFO     [2015-11-20 12:14:08,746]  Agreegate Done
save_Base.py[LINE:176]# INFO     [2015-11-20 14:24:47,959]  This proccess pid 12196
save_Base.py[LINE:122]# INFO     [2015-11-20 14:24:47,960]  Start Agreegate
save_Base.py[LINE:123]# INFO     [2015-11-20 14:24:47,960]  Agregate param: Partner=True; Club and Cash=True; Terminals=True;
save_Base.py[LINE:126]# INFO     [2015-11-20 14:24:49,473]  Partner
save_Base.py[LINE:131]# INFO     [2015-11-20 14:24:53,384]  Clubs and Cashs
save_Base.py[LINE:176]# INFO     [2015-11-20 14:36:27,686]  This proccess pid 1268
save_Base.py[LINE:122]# INFO     [2015-11-20 14:36:27,687]  Start Agreegate
save_Base.py[LINE:123]# INFO     [2015-11-20 14:36:27,688]  Agregate param: Partner=False; Club and Cash=True; Terminals=True;
save_Base.py[LINE:131]# INFO     [2015-11-20 14:36:29,404]  Clubs and Cashs
rubParse.py[LINE:99]# INFO     [2015-11-20 14:36:37,131]  https://partner190.com/backend.php/club?page=1
rubParse.py[LINE:99]# INFO     [2015-11-20 14:36:47,405]  https://partner190.com/backend.php/club?page=2
rubParse.py[LINE:99]# INFO     [2015-11-20 14:36:54,882]  https://partner190.com/backend.php/club?page=3
rubParse.py[LINE:99]# INFO     [2015-11-20 14:37:02,069]  https://partner190.com/backend.php/club?page=4
rubParse.py[LINE:99]# INFO     [2015-11-20 14:37:09,415]  https://partner190.com/backend.php/club?page=5
rubParse.py[LINE:99]# INFO     [2015-11-20 14:37:17,592]  https://partner190.com/backend.php/club?page=6
rubParse.py[LINE:99]# INFO     [2015-11-20 14:37:25,595]  https://partner190.com/backend.php/club?page=7
rubParse.py[LINE:99]# INFO     [2015-11-20 14:37:33,026]  https://partner190.com/backend.php/club?page=8
rubParse.py[LINE:99]# INFO     [2015-11-20 14:37:40,342]  https://partner190.com/backend.php/club?page=9
rubParse.py[LINE:99]# INFO     [2015-11-20 14:37:48,565]  https://partner190.com/backend.php/club?page=10
rubParse.py[LINE:99]# INFO     [2015-11-20 14:37:55,602]  https://partner190.com/backend.php/club?page=11
rubParse.py[LINE:99]# INFO     [2015-11-20 14:38:02,736]  https://partner190.com/backend.php/club?page=12
rubParse.py[LINE:99]# INFO     [2015-11-20 14:38:09,867]  https://partner190.com/backend.php/club?page=13
rubParse.py[LINE:99]# INFO     [2015-11-20 14:38:17,375]  https://partner190.com/backend.php/club?page=14
rubParse.py[LINE:99]# INFO     [2015-11-20 14:38:24,687]  https://partner190.com/backend.php/club?page=15
rubParse.py[LINE:99]# INFO     [2015-11-20 14:38:31,927]  https://partner190.com/backend.php/club?page=16
rubParse.py[LINE:99]# INFO     [2015-11-20 14:38:39,630]  https://partner190.com/backend.php/club?page=17
rubParse.py[LINE:99]# INFO     [2015-11-20 14:38:48,283]  https://partner190.com/backend.php/club?page=18
rubParse.py[LINE:99]# INFO     [2015-11-20 14:38:56,930]  https://partner190.com/backend.php/club?page=19
rubParse.py[LINE:99]# INFO     [2015-11-20 14:39:03,921]  https://partner190.com/backend.php/club?page=20
rubParse.py[LINE:99]# INFO     [2015-11-20 14:39:12,562]  https://partner190.com/backend.php/club?page=21
rubParse.py[LINE:99]# INFO     [2015-11-20 14:39:19,805]  https://partner190.com/backend.php/club?page=22
rubParse.py[LINE:99]# INFO     [2015-11-20 14:39:27,526]  https://partner190.com/backend.php/club?page=23
rubParse.py[LINE:99]# INFO     [2015-11-20 14:39:34,770]  https://partner190.com/backend.php/club?page=24
rubParse.py[LINE:99]# INFO     [2015-11-20 14:39:41,828]  https://partner190.com/backend.php/club?page=25
rubParse.py[LINE:99]# INFO     [2015-11-20 14:39:48,990]  https://partner190.com/backend.php/club?page=26
rubParse.py[LINE:99]# INFO     [2015-11-20 14:39:56,081]  https://partner190.com/backend.php/club?page=27
rubParse.py[LINE:99]# INFO     [2015-11-20 14:40:03,250]  https://partner190.com/backend.php/club?page=28
rubParse.py[LINE:99]# INFO     [2015-11-20 14:40:10,459]  https://partner190.com/backend.php/club?page=29
rubParse.py[LINE:99]# INFO     [2015-11-20 14:40:17,851]  https://partner190.com/backend.php/club?page=30
rubParse.py[LINE:99]# INFO     [2015-11-20 14:40:25,007]  https://partner190.com/backend.php/club?page=31
rubParse.py[LINE:99]# INFO     [2015-11-20 14:40:32,125]  https://partner190.com/backend.php/club?page=32
rubParse.py[LINE:99]# INFO     [2015-11-20 14:40:39,746]  https://partner190.com/backend.php/club?page=33
rubParse.py[LINE:99]# INFO     [2015-11-20 14:40:47,943]  https://partner190.com/backend.php/club?page=34
rubParse.py[LINE:99]# INFO     [2015-11-20 14:40:55,256]  https://partner190.com/backend.php/club?page=35
rubParse.py[LINE:99]# INFO     [2015-11-20 14:41:05,563]  https://partner190.com/backend.php/club?page=36
rubParse.py[LINE:99]# INFO     [2015-11-20 14:41:14,091]  https://partner190.com/backend.php/club?page=37
rubParse.py[LINE:99]# INFO     [2015-11-20 14:41:21,288]  https://partner190.com/backend.php/club?page=38
rubParse.py[LINE:99]# INFO     [2015-11-20 14:41:29,042]  https://partner190.com/backend.php/club?page=39
rubParse.py[LINE:99]# INFO     [2015-11-20 14:41:37,851]  https://partner190.com/backend.php/club?page=40
rubParse.py[LINE:99]# INFO     [2015-11-20 14:41:46,246]  https://partner190.com/backend.php/club?page=41
rubParse.py[LINE:99]# INFO     [2015-11-20 14:41:53,529]  https://partner190.com/backend.php/club?page=42
rubParse.py[LINE:99]# INFO     [2015-11-20 14:42:01,263]  https://partner190.com/backend.php/club?page=43
rubParse.py[LINE:99]# INFO     [2015-11-20 14:42:08,513]  https://partner190.com/backend.php/club?page=44
rubParse.py[LINE:99]# INFO     [2015-11-20 14:42:15,641]  https://partner190.com/backend.php/club?page=45
rubParse.py[LINE:99]# INFO     [2015-11-20 14:42:22,726]  https://partner190.com/backend.php/club?page=46
rubParse.py[LINE:99]# INFO     [2015-11-20 14:42:29,793]  https://partner190.com/backend.php/club?page=47
rubParse.py[LINE:99]# INFO     [2015-11-20 14:42:37,451]  https://partner190.com/backend.php/club?page=48
rubParse.py[LINE:99]# INFO     [2015-11-20 14:42:44,631]  https://partner190.com/backend.php/club?page=49
rubParse.py[LINE:99]# INFO     [2015-11-20 14:42:51,808]  https://partner190.com/backend.php/club?page=50
rubParse.py[LINE:99]# INFO     [2015-11-20 14:42:59,437]  https://partner190.com/backend.php/club?page=51
rubParse.py[LINE:99]# INFO     [2015-11-20 14:43:06,565]  https://partner190.com/backend.php/club?page=52
rubParse.py[LINE:99]# INFO     [2015-11-20 14:43:13,773]  https://partner190.com/backend.php/club?page=53
rubParse.py[LINE:99]# INFO     [2015-11-20 14:43:18,505]  https://partner190.com/backend.php/club?page=54
rubParse.py[LINE:148]# INFO     [2015-11-20 14:43:26,082]  https://partner190.com/backend.php/cashdesk?page=1
rubParse.py[LINE:148]# INFO     [2015-11-20 14:43:30,095]  https://partner190.com/backend.php/cashdesk?page=2
rubParse.py[LINE:148]# INFO     [2015-11-20 14:43:35,446]  https://partner190.com/backend.php/cashdesk?page=3
rubParse.py[LINE:148]# INFO     [2015-11-20 14:43:42,181]  https://partner190.com/backend.php/cashdesk?page=4
rubParse.py[LINE:148]# INFO     [2015-11-20 14:43:48,668]  https://partner190.com/backend.php/cashdesk?page=5
rubParse.py[LINE:148]# INFO     [2015-11-20 14:43:53,644]  https://partner190.com/backend.php/cashdesk?page=6
rubParse.py[LINE:148]# INFO     [2015-11-20 14:43:58,265]  https://partner190.com/backend.php/cashdesk?page=7
rubParse.py[LINE:148]# INFO     [2015-11-20 14:44:03,471]  https://partner190.com/backend.php/cashdesk?page=8
rubParse.py[LINE:148]# INFO     [2015-11-20 14:44:08,420]  https://partner190.com/backend.php/cashdesk?page=9
rubParse.py[LINE:148]# INFO     [2015-11-20 14:44:13,069]  https://partner190.com/backend.php/cashdesk?page=10
rubParse.py[LINE:148]# INFO     [2015-11-20 14:44:18,674]  https://partner190.com/backend.php/cashdesk?page=11
rubParse.py[LINE:148]# INFO     [2015-11-20 14:44:24,220]  https://partner190.com/backend.php/cashdesk?page=12
rubParse.py[LINE:148]# INFO     [2015-11-20 14:44:29,453]  https://partner190.com/backend.php/cashdesk?page=13
rubParse.py[LINE:148]# INFO     [2015-11-20 14:44:35,617]  https://partner190.com/backend.php/cashdesk?page=14
rubParse.py[LINE:148]# INFO     [2015-11-20 14:44:41,426]  https://partner190.com/backend.php/cashdesk?page=15
rubParse.py[LINE:148]# INFO     [2015-11-20 14:44:46,917]  https://partner190.com/backend.php/cashdesk?page=16
rubParse.py[LINE:148]# INFO     [2015-11-20 14:44:52,460]  https://partner190.com/backend.php/cashdesk?page=17
rubParse.py[LINE:148]# INFO     [2015-11-20 14:44:58,573]  https://partner190.com/backend.php/cashdesk?page=18
rubParse.py[LINE:148]# INFO     [2015-11-20 14:45:04,579]  https://partner190.com/backend.php/cashdesk?page=19
rubParse.py[LINE:148]# INFO     [2015-11-20 14:45:10,578]  https://partner190.com/backend.php/cashdesk?page=20
rubParse.py[LINE:148]# INFO     [2015-11-20 14:45:16,891]  https://partner190.com/backend.php/cashdesk?page=21
rubParse.py[LINE:148]# INFO     [2015-11-20 14:45:23,500]  https://partner190.com/backend.php/cashdesk?page=22
rubParse.py[LINE:148]# INFO     [2015-11-20 14:45:29,605]  https://partner190.com/backend.php/cashdesk?page=23
rubParse.py[LINE:148]# INFO     [2015-11-20 14:45:35,431]  https://partner190.com/backend.php/cashdesk?page=24
rubParse.py[LINE:148]# INFO     [2015-11-20 14:45:42,096]  https://partner190.com/backend.php/cashdesk?page=25
rubParse.py[LINE:148]# INFO     [2015-11-20 14:45:48,335]  https://partner190.com/backend.php/cashdesk?page=26
rubParse.py[LINE:148]# INFO     [2015-11-20 14:45:54,325]  https://partner190.com/backend.php/cashdesk?page=27
rubParse.py[LINE:148]# INFO     [2015-11-20 14:46:00,765]  https://partner190.com/backend.php/cashdesk?page=28
rubParse.py[LINE:148]# INFO     [2015-11-20 14:46:06,982]  https://partner190.com/backend.php/cashdesk?page=29
rubParse.py[LINE:148]# INFO     [2015-11-20 14:46:14,012]  https://partner190.com/backend.php/cashdesk?page=30
save_Base.py[LINE:137]# INFO     [2015-11-20 14:46:36,051]  Terminals
rubParse.py[LINE:203]# INFO     [2015-11-20 14:46:47,872]  https://partner190.com/backend.php/terminal?page=1
rubParse.py[LINE:203]# INFO     [2015-11-20 14:46:58,836]  https://partner190.com/backend.php/terminal?page=2
save_Base.py[LINE:176]# INFO     [2015-11-20 14:53:08,355]  This proccess pid 6476
save_Base.py[LINE:122]# INFO     [2015-11-20 14:53:08,357]  Start Agreegate
save_Base.py[LINE:123]# INFO     [2015-11-20 14:53:08,357]  Agregate param: Partner=False; Club and Cash=False; Terminals=True;
save_Base.py[LINE:137]# INFO     [2015-11-20 14:53:09,872]  Terminals
